[INFO] 2026-01-10 11:48:44,761 django.utils.autoreload Watching for file changes with StatReloader
[INFO] 2026-01-10 11:49:11,465 django.server "POST /api/v1/auth/login/ HTTP/1.1" 200 489
[INFO] 2026-01-10 11:49:39,158 django.server "GET /api/v1/profile/ HTTP/1.1" 200 70
[INFO] 2026-01-10 11:50:24,622 django.server "POST /api/v1/auth/register/ HTTP/1.1" 201 42
[WARNING] 2026-01-10 11:50:55,678 django.request Unauthorized: /api/v1/auth/login/
[WARNING] 2026-01-10 11:50:55,679 django.server "POST /api/v1/auth/login/ HTTP/1.1" 401 31
[WARNING] 2026-01-10 11:51:00,609 django.request Unauthorized: /api/v1/auth/login/
[WARNING] 2026-01-10 11:51:00,609 django.server "POST /api/v1/auth/login/ HTTP/1.1" 401 31
[INFO] 2026-01-10 11:51:06,055 django.server "POST /api/v1/auth/login/ HTTP/1.1" 200 489
[INFO] 2026-01-10 11:51:27,441 django.server "GET /api/v1/user/dashboard/ HTTP/1.1" 200 40
[INFO] 2026-01-10 11:51:40,346 django.server "GET /api/v1/tasks/ HTTP/1.1" 200 2
[INFO] 2026-01-10 11:52:11,676 django.server "POST /api/v1/tasks/ HTTP/1.1" 201 125
[WARNING] 2026-01-10 11:52:24,563 django.request Method Not Allowed: /api/v1/tasks/
[WARNING] 2026-01-10 11:52:24,564 django.server "PUT /api/v1/tasks/ HTTP/1.1" 405 40
[ERROR] 2026-01-10 11:53:33,460 django.request Internal Server Error: /api/v1/tasks/1
Traceback (most recent call last):
  File "C:\Users\Lenovo\.conda\envs\afai\Lib\site-packages\django\core\handlers\exception.py", line 55, in inner
    response = get_response(request)
  File "C:\Users\Lenovo\.conda\envs\afai\Lib\site-packages\django\utils\deprecation.py", line 311, in __call__
    response = self.process_response(request, response)
  File "C:\Users\Lenovo\.conda\envs\afai\Lib\site-packages\django\middleware\common.py", line 109, in process_response
    self.get_full_path_with_slash(request)
    ~~~~~~~~~~~~~~~~~~~~~~~~~~~~~^^^^^^^^^
  File "C:\Users\Lenovo\.conda\envs\afai\Lib\site-packages\django\middleware\common.py", line 87, in get_full_path_with_slash
    raise RuntimeError(
    ...<9 lines>...
    )
RuntimeError: You called this URL via POST, but the URL doesn't end in a slash and you have APPEND_SLASH set. Django can't redirect to the slash URL while maintaining POST data. Change your form to point to 127.0.0.1:8000/api/v1/tasks/1/ (note the trailing slash), or set APPEND_SLASH=False in your Django settings.
[ERROR] 2026-01-10 11:53:33,464 django.server "POST /api/v1/tasks/1 HTTP/1.1" 500 77204
[INFO] 2026-01-10 11:53:51,829 django.server "GET /api/v1/tasks/ HTTP/1.1" 200 127
[ERROR] 2026-01-10 11:54:12,438 django.request Internal Server Error: /api/v1/tasks/8
Traceback (most recent call last):
  File "C:\Users\Lenovo\.conda\envs\afai\Lib\site-packages\django\core\handlers\exception.py", line 55, in inner
    response = get_response(request)
  File "C:\Users\Lenovo\.conda\envs\afai\Lib\site-packages\django\utils\deprecation.py", line 311, in __call__
    response = self.process_response(request, response)
  File "C:\Users\Lenovo\.conda\envs\afai\Lib\site-packages\django\middleware\common.py", line 109, in process_response
    self.get_full_path_with_slash(request)
    ~~~~~~~~~~~~~~~~~~~~~~~~~~~~~^^^^^^^^^
  File "C:\Users\Lenovo\.conda\envs\afai\Lib\site-packages\django\middleware\common.py", line 87, in get_full_path_with_slash
    raise RuntimeError(
    ...<9 lines>...
    )
RuntimeError: You called this URL via PUT, but the URL doesn't end in a slash and you have APPEND_SLASH set. Django can't redirect to the slash URL while maintaining PUT data. Change your form to point to 127.0.0.1:8000/api/v1/tasks/8/ (note the trailing slash), or set APPEND_SLASH=False in your Django settings.
[ERROR] 2026-01-10 11:54:12,440 django.server "PUT /api/v1/tasks/8 HTTP/1.1" 500 76597
[ERROR] 2026-01-10 11:55:38,494 django.request Internal Server Error: /api/v1/tasks/5
Traceback (most recent call last):
  File "C:\Users\Lenovo\.conda\envs\afai\Lib\site-packages\django\core\handlers\exception.py", line 55, in inner
    response = get_response(request)
  File "C:\Users\Lenovo\.conda\envs\afai\Lib\site-packages\django\utils\deprecation.py", line 311, in __call__
    response = self.process_response(request, response)
  File "C:\Users\Lenovo\.conda\envs\afai\Lib\site-packages\django\middleware\common.py", line 109, in process_response
    self.get_full_path_with_slash(request)
    ~~~~~~~~~~~~~~~~~~~~~~~~~~~~~^^^^^^^^^
  File "C:\Users\Lenovo\.conda\envs\afai\Lib\site-packages\django\middleware\common.py", line 87, in get_full_path_with_slash
    raise RuntimeError(
    ...<9 lines>...
    )
RuntimeError: You called this URL via PUT, but the URL doesn't end in a slash and you have APPEND_SLASH set. Django can't redirect to the slash URL while maintaining PUT data. Change your form to point to 127.0.0.1:8000/api/v1/tasks/5/ (note the trailing slash), or set APPEND_SLASH=False in your Django settings.
[ERROR] 2026-01-10 11:55:38,495 django.server "PUT /api/v1/tasks/5 HTTP/1.1" 500 76597
[ERROR] 2026-01-10 11:55:45,052 django.request Internal Server Error: /api/v1/tasks/5
Traceback (most recent call last):
  File "C:\Users\Lenovo\.conda\envs\afai\Lib\site-packages\django\core\handlers\exception.py", line 55, in inner
    response = get_response(request)
  File "C:\Users\Lenovo\.conda\envs\afai\Lib\site-packages\django\utils\deprecation.py", line 311, in __call__
    response = self.process_response(request, response)
  File "C:\Users\Lenovo\.conda\envs\afai\Lib\site-packages\django\middleware\common.py", line 109, in process_response
    self.get_full_path_with_slash(request)
    ~~~~~~~~~~~~~~~~~~~~~~~~~~~~~^^^^^^^^^
  File "C:\Users\Lenovo\.conda\envs\afai\Lib\site-packages\django\middleware\common.py", line 87, in get_full_path_with_slash
    raise RuntimeError(
    ...<9 lines>...
    )
RuntimeError: You called this URL via PUT, but the URL doesn't end in a slash and you have APPEND_SLASH set. Django can't redirect to the slash URL while maintaining PUT data. Change your form to point to 127.0.0.1:8000/api/v1/tasks/5/ (note the trailing slash), or set APPEND_SLASH=False in your Django settings.
[ERROR] 2026-01-10 11:55:45,053 django.server "PUT /api/v1/tasks/5 HTTP/1.1" 500 76597
[WARNING] 2026-01-10 11:56:36,573 django.request Unauthorized: /api/v1/profile/
[WARNING] 2026-01-10 11:56:36,573 django.server "GET /api/v1/profile/ HTTP/1.1" 401 172
[WARNING] 2026-01-10 11:56:36,575 django.request Unauthorized: /api/v1/profile/
[WARNING] 2026-01-10 11:56:36,575 django.server "GET /api/v1/profile/ HTTP/1.1" 401 172
[INFO] 2026-01-10 11:56:40,100 django.server "POST /api/v1/auth/login/ HTTP/1.1" 200 489
[INFO] 2026-01-10 11:56:40,139 django.server "GET /api/v1/profile/ HTTP/1.1" 200 58
[INFO] 2026-01-10 11:56:40,295 django.server "GET /api/v1/profile/ HTTP/1.1" 200 58
[INFO] 2026-01-10 11:56:40,297 django.server "GET /api/v1/tasks/ HTTP/1.1" 200 2
[INFO] 2026-01-10 11:56:40,335 django.server "GET /api/v1/tasks/ HTTP/1.1" 200 2
[INFO] 2026-01-10 11:56:49,984 django.server "POST /api/v1/auth/login/ HTTP/1.1" 200 489
[INFO] 2026-01-10 11:56:50,031 django.server "GET /api/v1/profile/ HTTP/1.1" 200 65
[INFO] 2026-01-10 11:56:50,074 django.server "GET /api/v1/profile/ HTTP/1.1" 200 65
[INFO] 2026-01-10 11:56:50,076 django.server "GET /api/v1/tasks/ HTTP/1.1" 200 127
[INFO] 2026-01-10 11:56:50,112 django.server "GET /api/v1/tasks/ HTTP/1.1" 200 127
[INFO] 2026-01-10 11:56:58,312 django.server "OPTIONS /api/v1/tasks/8/ HTTP/1.1" 200 0
[INFO] 2026-01-10 11:56:58,353 django.server "PUT /api/v1/tasks/8/ HTTP/1.1" 200 124
[INFO] 2026-01-10 11:57:03,596 django.server "DELETE /api/v1/tasks/8/ HTTP/1.1" 204 0
[INFO] 2026-01-10 11:57:06,993 django.server "GET /api/v1/profile/ HTTP/1.1" 200 65
[INFO] 2026-01-10 11:57:07,034 django.server "GET /api/v1/profile/ HTTP/1.1" 200 65
[INFO] 2026-01-10 11:57:07,035 django.server "GET /api/v1/tasks/ HTTP/1.1" 200 2
[INFO] 2026-01-10 11:57:07,072 django.server "GET /api/v1/tasks/ HTTP/1.1" 200 2
[INFO] 2026-01-10 11:57:09,399 django.server "GET /api/v1/profile/ HTTP/1.1" 200 65
[INFO] 2026-01-10 11:57:09,439 django.server "GET /api/v1/tasks/ HTTP/1.1" 200 2
[INFO] 2026-01-10 11:57:09,476 django.server "GET /api/v1/tasks/ HTTP/1.1" 200 2
[INFO] 2026-01-10 11:57:09,549 django.server "GET /api/v1/profile/ HTTP/1.1" 200 65
[INFO] 2026-01-10 11:57:23,906 django.server "POST /api/v1/tasks/ HTTP/1.1" 201 125
[INFO] 2026-01-10 11:57:26,092 django.server "GET /api/v1/profile/ HTTP/1.1" 200 65
[INFO] 2026-01-10 11:57:26,134 django.server "GET /api/v1/profile/ HTTP/1.1" 200 65
[INFO] 2026-01-10 11:57:26,134 django.server "GET /api/v1/tasks/ HTTP/1.1" 200 127
[INFO] 2026-01-10 11:57:26,170 django.server "GET /api/v1/tasks/ HTTP/1.1" 200 127
[INFO] 2026-01-10 11:57:29,381 django.server "GET /api/v1/profile/ HTTP/1.1" 200 65
[INFO] 2026-01-10 11:57:29,423 django.server "GET /api/v1/profile/ HTTP/1.1" 200 65
[INFO] 2026-01-10 11:57:29,424 django.server "GET /api/v1/tasks/ HTTP/1.1" 200 127
[INFO] 2026-01-10 11:57:29,462 django.server "GET /api/v1/tasks/ HTTP/1.1" 200 127
[INFO] 2026-01-10 11:57:32,853 django.server "OPTIONS /api/v1/tasks/9/ HTTP/1.1" 200 0
[INFO] 2026-01-10 11:57:32,894 django.server "DELETE /api/v1/tasks/9/ HTTP/1.1" 204 0
[INFO] 2026-01-10 11:57:40,520 django.server "POST /api/v1/auth/login/ HTTP/1.1" 200 489
[INFO] 2026-01-10 11:57:40,562 django.server "GET /api/v1/profile/ HTTP/1.1" 200 70
[INFO] 2026-01-10 11:57:40,603 django.server "GET /api/v1/profile/ HTTP/1.1" 200 70
[INFO] 2026-01-10 11:57:40,606 django.server "GET /api/v1/tasks/ HTTP/1.1" 200 2
[INFO] 2026-01-10 11:57:40,643 django.server "GET /api/v1/tasks/ HTTP/1.1" 200 2
[INFO] 2026-01-10 11:57:46,100 django.server "GET /api/v1/profile/ HTTP/1.1" 200 70
[INFO] 2026-01-10 11:57:46,140 django.server "GET /api/v1/profile/ HTTP/1.1" 200 70
[INFO] 2026-01-10 11:57:46,143 django.server "GET /api/v1/tasks/ HTTP/1.1" 200 2
[INFO] 2026-01-10 11:57:46,184 django.server "GET /api/v1/tasks/ HTTP/1.1" 200 2
[INFO] 2026-01-10 11:57:49,418 django.server "GET /api/v1/profile/ HTTP/1.1" 200 70
[INFO] 2026-01-10 11:57:49,461 django.server "GET /api/v1/profile/ HTTP/1.1" 200 70
[INFO] 2026-01-10 11:57:49,462 django.server "GET /api/v1/tasks/ HTTP/1.1" 200 2
[INFO] 2026-01-10 11:57:49,499 django.server "GET /api/v1/tasks/ HTTP/1.1" 200 2
[ERROR] 2026-03-08 02:35:36,852 django.security.DisallowedHost Invalid HTTP_HOST header: 'albinm.pythonanywhere.com'. You may need to add 'albinm.pythonanywhere.com' to ALLOWED_HOSTS.
Traceback (most recent call last):
  File "/home/AlbinM/.virtualenvs/myenv/lib/python3.10/site-packages/django/core/handlers/exception.py", line 55, in inner
    response = get_response(request)
  File "/home/AlbinM/.virtualenvs/myenv/lib/python3.10/site-packages/django/utils/deprecation.py", line 119, in __call__
    response = self.process_request(request)
  File "/home/AlbinM/.virtualenvs/myenv/lib/python3.10/site-packages/django/middleware/common.py", line 48, in process_request
    host = request.get_host()
  File "/home/AlbinM/.virtualenvs/myenv/lib/python3.10/site-packages/django/http/request.py", line 202, in get_host
    raise DisallowedHost(msg)
django.core.exceptions.DisallowedHost: Invalid HTTP_HOST header: 'albinm.pythonanywhere.com'. You may need to add 'albinm.pythonanywhere.com' to ALLOWED_HOSTS.
[ERROR] 2026-03-08 02:35:36,993 django.security.DisallowedHost Invalid HTTP_HOST header: 'albinm.pythonanywhere.com'. You may need to add 'albinm.pythonanywhere.com' to ALLOWED_HOSTS.
Traceback (most recent call last):
  File "/home/AlbinM/.virtualenvs/myenv/lib/python3.10/site-packages/django/core/handlers/exception.py", line 55, in inner
    response = get_response(request)
  File "/home/AlbinM/.virtualenvs/myenv/lib/python3.10/site-packages/django/utils/deprecation.py", line 119, in __call__
    response = self.process_request(request)
  File "/home/AlbinM/.virtualenvs/myenv/lib/python3.10/site-packages/django/middleware/common.py", line 48, in process_request
    host = request.get_host()
  File "/home/AlbinM/.virtualenvs/myenv/lib/python3.10/site-packages/django/http/request.py", line 202, in get_host
    raise DisallowedHost(msg)
django.core.exceptions.DisallowedHost: Invalid HTTP_HOST header: 'albinm.pythonanywhere.com'. You may need to add 'albinm.pythonanywhere.com' to ALLOWED_HOSTS.
[ERROR] 2026-03-08 02:35:38,195 django.security.DisallowedHost Invalid HTTP_HOST header: 'albinm.pythonanywhere.com'. You may need to add 'albinm.pythonanywhere.com' to ALLOWED_HOSTS.
Traceback (most recent call last):
  File "/home/AlbinM/.virtualenvs/myenv/lib/python3.10/site-packages/django/core/handlers/exception.py", line 55, in inner
    response = get_response(request)
  File "/home/AlbinM/.virtualenvs/myenv/lib/python3.10/site-packages/django/utils/deprecation.py", line 119, in __call__
    response = self.process_request(request)
  File "/home/AlbinM/.virtualenvs/myenv/lib/python3.10/site-packages/django/middleware/common.py", line 48, in process_request
    host = request.get_host()
  File "/home/AlbinM/.virtualenvs/myenv/lib/python3.10/site-packages/django/http/request.py", line 202, in get_host
    raise DisallowedHost(msg)
django.core.exceptions.DisallowedHost: Invalid HTTP_HOST header: 'albinm.pythonanywhere.com'. You may need to add 'albinm.pythonanywhere.com' to ALLOWED_HOSTS.
[ERROR] 2026-03-08 02:36:24,190 django.security.DisallowedHost Invalid HTTP_HOST header: 'albinm.pythonanywhere.com'. You may need to add 'albinm.pythonanywhere.com' to ALLOWED_HOSTS.
Traceback (most recent call last):
  File "/home/AlbinM/.virtualenvs/myenv/lib/python3.10/site-packages/django/core/handlers/exception.py", line 55, in inner
    response = get_response(request)
  File "/home/AlbinM/.virtualenvs/myenv/lib/python3.10/site-packages/django/utils/deprecation.py", line 119, in __call__
    response = self.process_request(request)
  File "/home/AlbinM/.virtualenvs/myenv/lib/python3.10/site-packages/django/middleware/common.py", line 48, in process_request
    host = request.get_host()
  File "/home/AlbinM/.virtualenvs/myenv/lib/python3.10/site-packages/django/http/request.py", line 202, in get_host
    raise DisallowedHost(msg)
django.core.exceptions.DisallowedHost: Invalid HTTP_HOST header: 'albinm.pythonanywhere.com'. You may need to add 'albinm.pythonanywhere.com' to ALLOWED_HOSTS.
[ERROR] 2026-03-08 02:36:26,796 django.security.DisallowedHost Invalid HTTP_HOST header: 'albinm.pythonanywhere.com'. You may need to add 'albinm.pythonanywhere.com' to ALLOWED_HOSTS.
Traceback (most recent call last):
  File "/home/AlbinM/.virtualenvs/myenv/lib/python3.10/site-packages/django/core/handlers/exception.py", line 55, in inner
    response = get_response(request)
  File "/home/AlbinM/.virtualenvs/myenv/lib/python3.10/site-packages/django/utils/deprecation.py", line 119, in __call__
    response = self.process_request(request)
  File "/home/AlbinM/.virtualenvs/myenv/lib/python3.10/site-packages/django/middleware/common.py", line 48, in process_request
    host = request.get_host()
  File "/home/AlbinM/.virtualenvs/myenv/lib/python3.10/site-packages/django/http/request.py", line 202, in get_host
    raise DisallowedHost(msg)
django.core.exceptions.DisallowedHost: Invalid HTTP_HOST header: 'albinm.pythonanywhere.com'. You may need to add 'albinm.pythonanywhere.com' to ALLOWED_HOSTS.
[ERROR] 2026-03-08 02:36:27,908 django.security.DisallowedHost Invalid HTTP_HOST header: 'albinm.pythonanywhere.com'. You may need to add 'albinm.pythonanywhere.com' to ALLOWED_HOSTS.
Traceback (most recent call last):
  File "/home/AlbinM/.virtualenvs/myenv/lib/python3.10/site-packages/django/core/handlers/exception.py", line 55, in inner
    response = get_response(request)
  File "/home/AlbinM/.virtualenvs/myenv/lib/python3.10/site-packages/django/utils/deprecation.py", line 119, in __call__
    response = self.process_request(request)
  File "/home/AlbinM/.virtualenvs/myenv/lib/python3.10/site-packages/django/middleware/common.py", line 48, in process_request
    host = request.get_host()
  File "/home/AlbinM/.virtualenvs/myenv/lib/python3.10/site-packages/django/http/request.py", line 202, in get_host
    raise DisallowedHost(msg)
django.core.exceptions.DisallowedHost: Invalid HTTP_HOST header: 'albinm.pythonanywhere.com'. You may need to add 'albinm.pythonanywhere.com' to ALLOWED_HOSTS.
[ERROR] 2026-03-08 02:36:30,958 django.security.DisallowedHost Invalid HTTP_HOST header: 'albinm.pythonanywhere.com'. You may need to add 'albinm.pythonanywhere.com' to ALLOWED_HOSTS.
Traceback (most recent call last):
  File "/home/AlbinM/.virtualenvs/myenv/lib/python3.10/site-packages/django/core/handlers/exception.py", line 55, in inner
    response = get_response(request)
  File "/home/AlbinM/.virtualenvs/myenv/lib/python3.10/site-packages/django/utils/deprecation.py", line 119, in __call__
    response = self.process_request(request)
  File "/home/AlbinM/.virtualenvs/myenv/lib/python3.10/site-packages/django/middleware/common.py", line 48, in process_request
    host = request.get_host()
  File "/home/AlbinM/.virtualenvs/myenv/lib/python3.10/site-packages/django/http/request.py", line 202, in get_host
    raise DisallowedHost(msg)
django.core.exceptions.DisallowedHost: Invalid HTTP_HOST header: 'albinm.pythonanywhere.com'. You may need to add 'albinm.pythonanywhere.com' to ALLOWED_HOSTS.
[ERROR] 2026-03-08 02:36:32,028 django.security.DisallowedHost Invalid HTTP_HOST header: 'albinm.pythonanywhere.com'. You may need to add 'albinm.pythonanywhere.com' to ALLOWED_HOSTS.
Traceback (most recent call last):
  File "/home/AlbinM/.virtualenvs/myenv/lib/python3.10/site-packages/django/core/handlers/exception.py", line 55, in inner
    response = get_response(request)
  File "/home/AlbinM/.virtualenvs/myenv/lib/python3.10/site-packages/django/utils/deprecation.py", line 119, in __call__
    response = self.process_request(request)
  File "/home/AlbinM/.virtualenvs/myenv/lib/python3.10/site-packages/django/middleware/common.py", line 48, in process_request
    host = request.get_host()
  File "/home/AlbinM/.virtualenvs/myenv/lib/python3.10/site-packages/django/http/request.py", line 202, in get_host
    raise DisallowedHost(msg)
django.core.exceptions.DisallowedHost: Invalid HTTP_HOST header: 'albinm.pythonanywhere.com'. You may need to add 'albinm.pythonanywhere.com' to ALLOWED_HOSTS.
[WARNING] 2026-03-08 02:39:21,735 django.request Not Found: /favicon.ico
[WARNING] 2026-03-08 02:39:21,758 django.request Not Found: /
[WARNING] 2026-03-08 02:39:29,512 django.request Not Found: /dos
[WARNING] 2026-03-08 02:39:34,434 django.request Not Found: /docs
[WARNING] 2026-03-08 02:39:44,073 django.request Not Found: /api
[WARNING] 2026-03-08 03:07:59,949 django.request Unauthorized: /api/v1/admin/dashboard/
[WARNING] 2026-03-08 03:15:48,734 django.request Not Found: /
[WARNING] 2026-03-08 03:16:06,472 django.request Bad Request: /api/v1/auth/register/
[WARNING] 2026-03-08 03:21:50,446 django.request Not Found: /
